<?xml version="1.0" encoding="UTF-8"?>
<testsuite xmlns:xsi="http://www.w3.org/2001/XMLSchema-instance" xsi:noNamespaceSchemaLocation="https://maven.apache.org/surefire/maven-surefire-plugin/xsd/surefire-test-report.xsd" name="com.stringcalculator.StringCalculatorTest" time="0.064" tests="7" errors="0" skipped="0" failures="0">
  <properties>
[...]
</properties>
  <testcase name="testAdd_CustomDelimiter_ReturnsSum" classname="com.stringcalculator.StringCalculatorTest" time="0.027"/>
  <testcase name="testAdd_NegativeNumbers_ThrowsException" classname="com.stringcalculator.StringCalculatorTest" time="0.002"/>
  <testcase name="testAdd_MultipleNumbers_ReturnsSum" classname="com.stringcalculator.StringCalculatorTest" time="0.002"/>
  <testcase name="testAdd_NewLineDelimiter_ReturnsSum" classname="com.stringcalculator.StringCalculatorTest" time="0.001"/>
  <testcase name="testAdd_SingleNumber_ReturnsValue" classname="com.stringcalculator.StringCalculatorTest" time="0.001"/>
  <testcase name="testAdd_TwoNumbers_ReturnsSum" classname="com.stringcalculator.StringCalculatorTest" time="0.001"/>
  <testcase name="testAdd_EmptyString_ReturnsZero" classname="com.stringcalculator.StringCalculatorTest" time="0"/>
</testsuite>